{"uid":"cefd021dbc66a45f","name":"Проверка появления заказа в разделе \"В работе\" после его оформления","fullName":"tests.test_order_feed.TestOrderFeed#test_check_show_order_in_work_when_creating_order","historyId":"6d61469fa2a7265d66519bcd3591c4e5","time":{"start":1734090049523,"stop":1734090056072,"duration":6549},"status":"broken","statusMessage":"selenium.common.exceptions.StaleElementReferenceException: Message: stale element reference: stale element not found in the current frame\n  (Session info: chrome=131.0.6778.140); For documentation on this error, please visit: https://www.selenium.dev/documentation/webdriver/troubleshooting/errors#stale-element-reference-exception\nStacktrace:\n0   chromedriver                        0x0000000100edbac4 cxxbridge1$str$ptr + 3651580\n1   chromedriver                        0x0000000100ed4314 cxxbridge1$str$ptr + 3620940\n2   chromedriver                        0x000000010093c4b4 cxxbridge1$string$len + 89224\n3   chromedriver                        0x0000000100941398 cxxbridge1$string$len + 109420\n4   chromedriver                        0x00000001009433e8 cxxbridge1$string$len + 117692\n5   chromedriver                        0x0000000100943490 cxxbridge1$string$len + 117860\n6   chromedriver                        0x000000010097ba5c cxxbridge1$string$len + 348720\n7   chromedriver                        0x0000000100976a10 cxxbridge1$string$len + 328164\n8   chromedriver                        0x00000001009ba0fc cxxbridge1$string$len + 604368\n9   chromedriver                        0x00000001009750b0 cxxbridge1$string$len + 321668\n10  chromedriver                        0x0000000100975d00 cxxbridge1$string$len + 324820\n11  chromedriver                        0x0000000100ea6e08 cxxbridge1$str$ptr + 3435328\n12  chromedriver                        0x0000000100eaa120 cxxbridge1$str$ptr + 3448408\n13  chromedriver                        0x0000000100e8e17c cxxbridge1$str$ptr + 3333812\n14  chromedriver                        0x0000000100eaa9e0 cxxbridge1$str$ptr + 3450648\n15  chromedriver                        0x0000000100e7f988 cxxbridge1$str$ptr + 3274432\n16  chromedriver                        0x0000000100ec50f4 cxxbridge1$str$ptr + 3558956\n17  chromedriver                        0x0000000100ec5270 cxxbridge1$str$ptr + 3559336\n18  chromedriver                        0x0000000100ed3f88 cxxbridge1$str$ptr + 3620032\n19  libsystem_pthread.dylib             0x000000019ba62f94 _pthread_start + 136\n20  libsystem_pthread.dylib             0x000000019ba5dd34 thread_start + 8","statusTrace":"self = <tests.test_order_feed.TestOrderFeed object at 0x10285c1a0>, driver = <selenium.webdriver.chrome.webdriver.WebDriver (session=\"9c6a23a4b17973abba9bc867399e31ab\")>\npersonal_account = <pages.personal_account_page.PersonalAccountPage object at 0x102a1d670>, constructor = <pages.constructor_page.ConstructorPage object at 0x102a05a30>\n\n    @allure.title('Проверка появления заказа в разделе \"В работе\" после его оформления')\n    def test_check_show_order_in_work_when_creating_order(self, driver, personal_account, constructor):\n        driver.get(Url.URL_ENTRANCE_PERSONAL_ACCOUNT)\n        page = OrderFeedPage(driver)\n        personal_account.authorization()\n        constructor.create_order(driver)\n        order_id = constructor.wait_for_id_to_change()\n        constructor.close_window_order_id()\n        page.go_to_order_feed()\n>       order_id_in_work = page.wait_for_text_in_work_to_change()\n\ntests/test_order_feed.py:65: \n_ _ _ _ _ _ _ _ _ _ _ _ _ _ _ _ _ _ _ _ _ _ _ _ _ _ _ _ _ _ _ _ _ _ _ _ _ _ _ _ _ _ _ _ _ _ _ _ _ _ _ _ _ _ _ _ _ _ _ _ _ _ _ _ _ _ _ _ _ _ _ _ _ _ _ _ _ _ _ _ _ _ _ _ _ _ _ \npages/order_feed_page.py:41: in wait_for_text_in_work_to_change\n    new_value = self.get_text_from_element(OrderFeedLocators.TEXT_LIST_ON_WORK)\npages/base_page.py:30: in get_text_from_element\n    return element.text\n.venv/lib/python3.12/site-packages/selenium/webdriver/remote/webelement.py:90: in text\n    return self._execute(Command.GET_ELEMENT_TEXT)[\"value\"]\n.venv/lib/python3.12/site-packages/selenium/webdriver/remote/webelement.py:395: in _execute\n    return self._parent.execute(command, params)\n.venv/lib/python3.12/site-packages/selenium/webdriver/remote/webdriver.py:380: in execute\n    self.error_handler.check_response(response)\n_ _ _ _ _ _ _ _ _ _ _ _ _ _ _ _ _ _ _ _ _ _ _ _ _ _ _ _ _ _ _ _ _ _ _ _ _ _ _ _ _ _ _ _ _ _ _ _ _ _ _ _ _ _ _ _ _ _ _ _ _ _ _ _ _ _ _ _ _ _ _ _ _ _ _ _ _ _ _ _ _ _ _ _ _ _ _ \n\nself = <selenium.webdriver.remote.errorhandler.ErrorHandler object at 0x102a1ebd0>\nresponse = {'status': 404, 'value': '{\"value\":{\"error\":\"stale element reference\",\"message\":\"stale element reference: stale elemen...00019ba62f94 _pthread_start + 136\\\\n20  libsystem_pthread.dylib             0x000000019ba5dd34 thread_start + 8\\\\n\"}}'}\n\n    def check_response(self, response: Dict[str, Any]) -> None:\n        \"\"\"Checks that a JSON response from the WebDriver does not have an\n        error.\n    \n        :Args:\n         - response - The JSON response from the WebDriver server as a dictionary\n           object.\n    \n        :Raises: If the response contains an error message.\n        \"\"\"\n        status = response.get(\"status\", None)\n        if not status or status == ErrorCode.SUCCESS:\n            return\n        value = None\n        message = response.get(\"message\", \"\")\n        screen: str = response.get(\"screen\", \"\")\n        stacktrace = None\n        if isinstance(status, int):\n            value_json = response.get(\"value\", None)\n            if value_json and isinstance(value_json, str):\n                import json\n    \n                try:\n                    value = json.loads(value_json)\n                    if len(value) == 1:\n                        value = value[\"value\"]\n                    status = value.get(\"error\", None)\n                    if not status:\n                        status = value.get(\"status\", ErrorCode.UNKNOWN_ERROR)\n                        message = value.get(\"value\") or value.get(\"message\")\n                        if not isinstance(message, str):\n                            value = message\n                            message = message.get(\"message\")\n                    else:\n                        message = value.get(\"message\", None)\n                except ValueError:\n                    pass\n    \n        exception_class: Type[WebDriverException]\n        e = ErrorCode()\n        error_codes = [item for item in dir(e) if not item.startswith(\"__\")]\n        for error_code in error_codes:\n            error_info = getattr(ErrorCode, error_code)\n            if isinstance(error_info, list) and status in error_info:\n                exception_class = getattr(ExceptionMapping, error_code, WebDriverException)\n                break\n        else:\n            exception_class = WebDriverException\n    \n        if not value:\n            value = response[\"value\"]\n        if isinstance(value, str):\n            raise exception_class(value)\n        if message == \"\" and \"message\" in value:\n            message = value[\"message\"]\n    \n        screen = None  # type: ignore[assignment]\n        if \"screen\" in value:\n            screen = value[\"screen\"]\n    \n        stacktrace = None\n        st_value = value.get(\"stackTrace\") or value.get(\"stacktrace\")\n        if st_value:\n            if isinstance(st_value, str):\n                stacktrace = st_value.split(\"\\n\")\n            else:\n                stacktrace = []\n                try:\n                    for frame in st_value:\n                        line = frame.get(\"lineNumber\", \"\")\n                        file = frame.get(\"fileName\", \"<anonymous>\")\n                        if line:\n                            file = f\"{file}:{line}\"\n                        meth = frame.get(\"methodName\", \"<anonymous>\")\n                        if \"className\" in frame:\n                            meth = f\"{frame['className']}.{meth}\"\n                        msg = \"    at %s (%s)\"\n                        msg = msg % (meth, file)\n                        stacktrace.append(msg)\n                except TypeError:\n                    pass\n        if exception_class == UnexpectedAlertPresentException:\n            alert_text = None\n            if \"data\" in value:\n                alert_text = value[\"data\"].get(\"text\")\n            elif \"alert\" in value:\n                alert_text = value[\"alert\"].get(\"text\")\n            raise exception_class(message, screen, stacktrace, alert_text)  # type: ignore[call-arg]  # mypy is not smart enough here\n>       raise exception_class(message, screen, stacktrace)\nE       selenium.common.exceptions.StaleElementReferenceException: Message: stale element reference: stale element not found in the current frame\nE         (Session info: chrome=131.0.6778.140); For documentation on this error, please visit: https://www.selenium.dev/documentation/webdriver/troubleshooting/errors#stale-element-reference-exception\nE       Stacktrace:\nE       0   chromedriver                        0x0000000100edbac4 cxxbridge1$str$ptr + 3651580\nE       1   chromedriver                        0x0000000100ed4314 cxxbridge1$str$ptr + 3620940\nE       2   chromedriver                        0x000000010093c4b4 cxxbridge1$string$len + 89224\nE       3   chromedriver                        0x0000000100941398 cxxbridge1$string$len + 109420\nE       4   chromedriver                        0x00000001009433e8 cxxbridge1$string$len + 117692\nE       5   chromedriver                        0x0000000100943490 cxxbridge1$string$len + 117860\nE       6   chromedriver                        0x000000010097ba5c cxxbridge1$string$len + 348720\nE       7   chromedriver                        0x0000000100976a10 cxxbridge1$string$len + 328164\nE       8   chromedriver                        0x00000001009ba0fc cxxbridge1$string$len + 604368\nE       9   chromedriver                        0x00000001009750b0 cxxbridge1$string$len + 321668\nE       10  chromedriver                        0x0000000100975d00 cxxbridge1$string$len + 324820\nE       11  chromedriver                        0x0000000100ea6e08 cxxbridge1$str$ptr + 3435328\nE       12  chromedriver                        0x0000000100eaa120 cxxbridge1$str$ptr + 3448408\nE       13  chromedriver                        0x0000000100e8e17c cxxbridge1$str$ptr + 3333812\nE       14  chromedriver                        0x0000000100eaa9e0 cxxbridge1$str$ptr + 3450648\nE       15  chromedriver                        0x0000000100e7f988 cxxbridge1$str$ptr + 3274432\nE       16  chromedriver                        0x0000000100ec50f4 cxxbridge1$str$ptr + 3558956\nE       17  chromedriver                        0x0000000100ec5270 cxxbridge1$str$ptr + 3559336\nE       18  chromedriver                        0x0000000100ed3f88 cxxbridge1$str$ptr + 3620032\nE       19  libsystem_pthread.dylib             0x000000019ba62f94 _pthread_start + 136\nE       20  libsystem_pthread.dylib             0x000000019ba5dd34 thread_start + 8\n\n.venv/lib/python3.12/site-packages/selenium/webdriver/remote/errorhandler.py:229: StaleElementReferenceException","flaky":false,"newFailed":false,"newBroken":false,"newPassed":false,"retriesCount":0,"retriesStatusChange":false,"beforeStages":[{"name":"driver","time":{"start":1734090048599,"stop":1734090049521,"duration":922},"status":"passed","steps":[],"attachments":[],"parameters":[],"shouldDisplayMessage":false,"attachmentsCount":0,"attachmentStep":false,"stepsCount":0,"hasContent":false},{"name":"constructor","time":{"start":1734090049521,"stop":1734090049521,"duration":0},"status":"passed","steps":[],"attachments":[],"parameters":[],"shouldDisplayMessage":false,"attachmentsCount":0,"attachmentStep":false,"stepsCount":0,"hasContent":false},{"name":"personal_account","time":{"start":1734090049521,"stop":1734090049521,"duration":0},"status":"passed","steps":[],"attachments":[],"parameters":[],"shouldDisplayMessage":false,"attachmentsCount":0,"attachmentStep":false,"stepsCount":0,"hasContent":false}],"testStage":{"status":"broken","statusMessage":"selenium.common.exceptions.StaleElementReferenceException: Message: stale element reference: stale element not found in the current frame\n  (Session info: chrome=131.0.6778.140); For documentation on this error, please visit: https://www.selenium.dev/documentation/webdriver/troubleshooting/errors#stale-element-reference-exception\nStacktrace:\n0   chromedriver                        0x0000000100edbac4 cxxbridge1$str$ptr + 3651580\n1   chromedriver                        0x0000000100ed4314 cxxbridge1$str$ptr + 3620940\n2   chromedriver                        0x000000010093c4b4 cxxbridge1$string$len + 89224\n3   chromedriver                        0x0000000100941398 cxxbridge1$string$len + 109420\n4   chromedriver                        0x00000001009433e8 cxxbridge1$string$len + 117692\n5   chromedriver                        0x0000000100943490 cxxbridge1$string$len + 117860\n6   chromedriver                        0x000000010097ba5c cxxbridge1$string$len + 348720\n7   chromedriver                        0x0000000100976a10 cxxbridge1$string$len + 328164\n8   chromedriver                        0x00000001009ba0fc cxxbridge1$string$len + 604368\n9   chromedriver                        0x00000001009750b0 cxxbridge1$string$len + 321668\n10  chromedriver                        0x0000000100975d00 cxxbridge1$string$len + 324820\n11  chromedriver                        0x0000000100ea6e08 cxxbridge1$str$ptr + 3435328\n12  chromedriver                        0x0000000100eaa120 cxxbridge1$str$ptr + 3448408\n13  chromedriver                        0x0000000100e8e17c cxxbridge1$str$ptr + 3333812\n14  chromedriver                        0x0000000100eaa9e0 cxxbridge1$str$ptr + 3450648\n15  chromedriver                        0x0000000100e7f988 cxxbridge1$str$ptr + 3274432\n16  chromedriver                        0x0000000100ec50f4 cxxbridge1$str$ptr + 3558956\n17  chromedriver                        0x0000000100ec5270 cxxbridge1$str$ptr + 3559336\n18  chromedriver                        0x0000000100ed3f88 cxxbridge1$str$ptr + 3620032\n19  libsystem_pthread.dylib             0x000000019ba62f94 _pthread_start + 136\n20  libsystem_pthread.dylib             0x000000019ba5dd34 thread_start + 8","statusTrace":"self = <tests.test_order_feed.TestOrderFeed object at 0x10285c1a0>, driver = <selenium.webdriver.chrome.webdriver.WebDriver (session=\"9c6a23a4b17973abba9bc867399e31ab\")>\npersonal_account = <pages.personal_account_page.PersonalAccountPage object at 0x102a1d670>, constructor = <pages.constructor_page.ConstructorPage object at 0x102a05a30>\n\n    @allure.title('Проверка появления заказа в разделе \"В работе\" после его оформления')\n    def test_check_show_order_in_work_when_creating_order(self, driver, personal_account, constructor):\n        driver.get(Url.URL_ENTRANCE_PERSONAL_ACCOUNT)\n        page = OrderFeedPage(driver)\n        personal_account.authorization()\n        constructor.create_order(driver)\n        order_id = constructor.wait_for_id_to_change()\n        constructor.close_window_order_id()\n        page.go_to_order_feed()\n>       order_id_in_work = page.wait_for_text_in_work_to_change()\n\ntests/test_order_feed.py:65: \n_ _ _ _ _ _ _ _ _ _ _ _ _ _ _ _ _ _ _ _ _ _ _ _ _ _ _ _ _ _ _ _ _ _ _ _ _ _ _ _ _ _ _ _ _ _ _ _ _ _ _ _ _ _ _ _ _ _ _ _ _ _ _ _ _ _ _ _ _ _ _ _ _ _ _ _ _ _ _ _ _ _ _ _ _ _ _ \npages/order_feed_page.py:41: in wait_for_text_in_work_to_change\n    new_value = self.get_text_from_element(OrderFeedLocators.TEXT_LIST_ON_WORK)\npages/base_page.py:30: in get_text_from_element\n    return element.text\n.venv/lib/python3.12/site-packages/selenium/webdriver/remote/webelement.py:90: in text\n    return self._execute(Command.GET_ELEMENT_TEXT)[\"value\"]\n.venv/lib/python3.12/site-packages/selenium/webdriver/remote/webelement.py:395: in _execute\n    return self._parent.execute(command, params)\n.venv/lib/python3.12/site-packages/selenium/webdriver/remote/webdriver.py:380: in execute\n    self.error_handler.check_response(response)\n_ _ _ _ _ _ _ _ _ _ _ _ _ _ _ _ _ _ _ _ _ _ _ _ _ _ _ _ _ _ _ _ _ _ _ _ _ _ _ _ _ _ _ _ _ _ _ _ _ _ _ _ _ _ _ _ _ _ _ _ _ _ _ _ _ _ _ _ _ _ _ _ _ _ _ _ _ _ _ _ _ _ _ _ _ _ _ \n\nself = <selenium.webdriver.remote.errorhandler.ErrorHandler object at 0x102a1ebd0>\nresponse = {'status': 404, 'value': '{\"value\":{\"error\":\"stale element reference\",\"message\":\"stale element reference: stale elemen...00019ba62f94 _pthread_start + 136\\\\n20  libsystem_pthread.dylib             0x000000019ba5dd34 thread_start + 8\\\\n\"}}'}\n\n    def check_response(self, response: Dict[str, Any]) -> None:\n        \"\"\"Checks that a JSON response from the WebDriver does not have an\n        error.\n    \n        :Args:\n         - response - The JSON response from the WebDriver server as a dictionary\n           object.\n    \n        :Raises: If the response contains an error message.\n        \"\"\"\n        status = response.get(\"status\", None)\n        if not status or status == ErrorCode.SUCCESS:\n            return\n        value = None\n        message = response.get(\"message\", \"\")\n        screen: str = response.get(\"screen\", \"\")\n        stacktrace = None\n        if isinstance(status, int):\n            value_json = response.get(\"value\", None)\n            if value_json and isinstance(value_json, str):\n                import json\n    \n                try:\n                    value = json.loads(value_json)\n                    if len(value) == 1:\n                        value = value[\"value\"]\n                    status = value.get(\"error\", None)\n                    if not status:\n                        status = value.get(\"status\", ErrorCode.UNKNOWN_ERROR)\n                        message = value.get(\"value\") or value.get(\"message\")\n                        if not isinstance(message, str):\n                            value = message\n                            message = message.get(\"message\")\n                    else:\n                        message = value.get(\"message\", None)\n                except ValueError:\n                    pass\n    \n        exception_class: Type[WebDriverException]\n        e = ErrorCode()\n        error_codes = [item for item in dir(e) if not item.startswith(\"__\")]\n        for error_code in error_codes:\n            error_info = getattr(ErrorCode, error_code)\n            if isinstance(error_info, list) and status in error_info:\n                exception_class = getattr(ExceptionMapping, error_code, WebDriverException)\n                break\n        else:\n            exception_class = WebDriverException\n    \n        if not value:\n            value = response[\"value\"]\n        if isinstance(value, str):\n            raise exception_class(value)\n        if message == \"\" and \"message\" in value:\n            message = value[\"message\"]\n    \n        screen = None  # type: ignore[assignment]\n        if \"screen\" in value:\n            screen = value[\"screen\"]\n    \n        stacktrace = None\n        st_value = value.get(\"stackTrace\") or value.get(\"stacktrace\")\n        if st_value:\n            if isinstance(st_value, str):\n                stacktrace = st_value.split(\"\\n\")\n            else:\n                stacktrace = []\n                try:\n                    for frame in st_value:\n                        line = frame.get(\"lineNumber\", \"\")\n                        file = frame.get(\"fileName\", \"<anonymous>\")\n                        if line:\n                            file = f\"{file}:{line}\"\n                        meth = frame.get(\"methodName\", \"<anonymous>\")\n                        if \"className\" in frame:\n                            meth = f\"{frame['className']}.{meth}\"\n                        msg = \"    at %s (%s)\"\n                        msg = msg % (meth, file)\n                        stacktrace.append(msg)\n                except TypeError:\n                    pass\n        if exception_class == UnexpectedAlertPresentException:\n            alert_text = None\n            if \"data\" in value:\n                alert_text = value[\"data\"].get(\"text\")\n            elif \"alert\" in value:\n                alert_text = value[\"alert\"].get(\"text\")\n            raise exception_class(message, screen, stacktrace, alert_text)  # type: ignore[call-arg]  # mypy is not smart enough here\n>       raise exception_class(message, screen, stacktrace)\nE       selenium.common.exceptions.StaleElementReferenceException: Message: stale element reference: stale element not found in the current frame\nE         (Session info: chrome=131.0.6778.140); For documentation on this error, please visit: https://www.selenium.dev/documentation/webdriver/troubleshooting/errors#stale-element-reference-exception\nE       Stacktrace:\nE       0   chromedriver                        0x0000000100edbac4 cxxbridge1$str$ptr + 3651580\nE       1   chromedriver                        0x0000000100ed4314 cxxbridge1$str$ptr + 3620940\nE       2   chromedriver                        0x000000010093c4b4 cxxbridge1$string$len + 89224\nE       3   chromedriver                        0x0000000100941398 cxxbridge1$string$len + 109420\nE       4   chromedriver                        0x00000001009433e8 cxxbridge1$string$len + 117692\nE       5   chromedriver                        0x0000000100943490 cxxbridge1$string$len + 117860\nE       6   chromedriver                        0x000000010097ba5c cxxbridge1$string$len + 348720\nE       7   chromedriver                        0x0000000100976a10 cxxbridge1$string$len + 328164\nE       8   chromedriver                        0x00000001009ba0fc cxxbridge1$string$len + 604368\nE       9   chromedriver                        0x00000001009750b0 cxxbridge1$string$len + 321668\nE       10  chromedriver                        0x0000000100975d00 cxxbridge1$string$len + 324820\nE       11  chromedriver                        0x0000000100ea6e08 cxxbridge1$str$ptr + 3435328\nE       12  chromedriver                        0x0000000100eaa120 cxxbridge1$str$ptr + 3448408\nE       13  chromedriver                        0x0000000100e8e17c cxxbridge1$str$ptr + 3333812\nE       14  chromedriver                        0x0000000100eaa9e0 cxxbridge1$str$ptr + 3450648\nE       15  chromedriver                        0x0000000100e7f988 cxxbridge1$str$ptr + 3274432\nE       16  chromedriver                        0x0000000100ec50f4 cxxbridge1$str$ptr + 3558956\nE       17  chromedriver                        0x0000000100ec5270 cxxbridge1$str$ptr + 3559336\nE       18  chromedriver                        0x0000000100ed3f88 cxxbridge1$str$ptr + 3620032\nE       19  libsystem_pthread.dylib             0x000000019ba62f94 _pthread_start + 136\nE       20  libsystem_pthread.dylib             0x000000019ba5dd34 thread_start + 8\n\n.venv/lib/python3.12/site-packages/selenium/webdriver/remote/errorhandler.py:229: StaleElementReferenceException","steps":[{"name":"Авторизация","time":{"start":1734090051647,"stop":1734090052377,"duration":730},"status":"passed","steps":[],"attachments":[],"parameters":[],"shouldDisplayMessage":false,"attachmentsCount":0,"attachmentStep":false,"stepsCount":0,"hasContent":false},{"name":"Оформить заказ","time":{"start":1734090052377,"stop":1734090052982,"duration":605},"status":"passed","steps":[{"name":"Перетащить ингредиент по индексу в зону конструктора","time":{"start":1734090052377,"stop":1734090052959,"duration":582},"status":"passed","steps":[{"name":"Скроллить до ингредиента","time":{"start":1734090052377,"stop":1734090052394,"duration":17},"status":"passed","steps":[{"name":"Динамический локатор ингредиента по индексу","time":{"start":1734090052377,"stop":1734090052377,"duration":0},"status":"passed","steps":[],"attachments":[],"parameters":[{"name":"index","value":"2"}],"shouldDisplayMessage":false,"attachmentsCount":0,"attachmentStep":false,"stepsCount":0,"hasContent":true}],"attachments":[],"parameters":[{"name":"index","value":"2"}],"shouldDisplayMessage":false,"attachmentsCount":0,"attachmentStep":false,"stepsCount":1,"hasContent":true},{"name":"Динамический локатор ингредиента по индексу","time":{"start":1734090052394,"stop":1734090052394,"duration":0},"status":"passed","steps":[],"attachments":[],"parameters":[{"name":"index","value":"2"}],"shouldDisplayMessage":false,"attachmentsCount":0,"attachmentStep":false,"stepsCount":0,"hasContent":true}],"attachments":[],"parameters":[{"name":"index","value":"2"},{"name":"drop_zone_locator","value":"('xpath', \".//*[@class='constructor-element constructor-element_pos_top']\")"}],"shouldDisplayMessage":false,"attachmentsCount":0,"attachmentStep":false,"stepsCount":3,"hasContent":true},{"name":"Клик по кнопке \"Оформить заказ\"","time":{"start":1734090052959,"stop":1734090052982,"duration":23},"status":"passed","steps":[],"attachments":[],"parameters":[],"shouldDisplayMessage":false,"attachmentsCount":0,"attachmentStep":false,"stepsCount":0,"hasContent":false}],"attachments":[],"parameters":[{"name":"driver","value":"<selenium.webdriver.chrome.webdriver.WebDriver (session=\"9c6a23a4b17973abba9bc867399e31ab\")>"}],"shouldDisplayMessage":false,"attachmentsCount":0,"attachmentStep":false,"stepsCount":5,"hasContent":true},{"name":"Дождаться изменения текста идентификатора заказа","time":{"start":1734090052982,"stop":1734090054835,"duration":1853},"status":"passed","steps":[],"attachments":[],"parameters":[],"shouldDisplayMessage":false,"attachmentsCount":0,"attachmentStep":false,"stepsCount":0,"hasContent":false},{"name":"Закрыть окно с id заказа","time":{"start":1734090054835,"stop":1734090054858,"duration":23},"status":"passed","steps":[],"attachments":[],"parameters":[],"shouldDisplayMessage":false,"attachmentsCount":0,"attachmentStep":false,"stepsCount":0,"hasContent":false},{"name":"Перейти в \"Ленту заказов\"","time":{"start":1734090054858,"stop":1734090054885,"duration":27},"status":"passed","steps":[],"attachments":[],"parameters":[],"shouldDisplayMessage":false,"attachmentsCount":0,"attachmentStep":false,"stepsCount":0,"hasContent":false},{"name":"Дождаться изменения текста в разделе \"В работе\"","time":{"start":1734090054885,"stop":1734090056068,"duration":1183},"status":"broken","statusMessage":"selenium.common.exceptions.StaleElementReferenceException: Message: stale element reference: stale element not found in the current frame\n  (Session info: chrome=131.0.6778.140); For documentation on this error, please visit: https://www.selenium.dev/documentation/webdriver/troubleshooting/errors#stale-element-reference-exception\nStacktrace:\n0   chromedriver                        0x0000000100edbac4 cxxbridge1$str$ptr + 3651580\n1   chromedriver                        0x0000000100ed4314 cxxbridge1$str$ptr + 3620940\n2   chromedriver                        0x000000010093c4b4 cxxbridge1$string$len + 89224\n3   chromedriver                        0x0000000100941398 cxxbridge1$string$len + 109420\n4   chromedriver                        0x00000001009433e8 cxxbridge1$string$len + 117692\n5   chromedriver                        0x0000000100943490 cxxbridge1$string$len + 117860\n6   chromedriver                        0x000000010097ba5c cxxbridge1$string$len + 348720\n7   chromedriver                        0x0000000100976a10 cxxbridge1$string$len + 328164\n8   chromedriver                        0x00000001009ba0fc cxxbridge1$string$len + 604368\n9   chromedriver                        0x00000001009750b0 cxxbridge1$string$len + 321668\n10  chromedriver                        0x0000000100975d00 cxxbridge1$string$len + 324820\n11  chromedriver                        0x0000000100ea6e08 cxxbridge1$str$ptr + 3435328\n12  chromedriver                        0x0000000100eaa120 cxxbridge1$str$ptr + 3448408\n13  chromedriver                        0x0000000100e8e17c cxxbridge1$str$ptr + 3333812\n14  chromedriver                        0x0000000100eaa9e0 cxxbridge1$str$ptr + 3450648\n15  chromedriver                        0x0000000100e7f988 cxxbridge1$str$ptr + 3274432\n16  chromedriver                        0x0000000100ec50f4 cxxbridge1$str$ptr + 3558956\n17  chromedriver                        0x0000000100ec5270 cxxbridge1$str$ptr + 3559336\n18  chromedriver                        0x0000000100ed3f88 cxxbridge1$str$ptr + 3620032\n19  libsystem_pthread.dylib             0x000000019ba62f94 _pthread_start + 136\n20  libsystem_pthread.dylib             0x000000019ba5dd34 thread_start + 8\n\n","statusTrace":"  File \"/Users/mshashka/Desktop/Diplom/Diplom_3/.venv/lib/python3.12/site-packages/allure_commons/_allure.py\", line 192, in impl\n    return func(*a, **kw)\n           ^^^^^^^^^^^^^^\n  File \"/Users/mshashka/Desktop/Diplom/Diplom_3/pages/order_feed_page.py\", line 41, in wait_for_text_in_work_to_change\n    new_value = self.get_text_from_element(OrderFeedLocators.TEXT_LIST_ON_WORK)\n                ^^^^^^^^^^^^^^^^^^^^^^^^^^^^^^^^^^^^^^^^^^^^^^^^^^^^^^^^^^^^^^^\n  File \"/Users/mshashka/Desktop/Diplom/Diplom_3/pages/base_page.py\", line 30, in get_text_from_element\n    return element.text\n           ^^^^^^^^^^^^\n  File \"/Users/mshashka/Desktop/Diplom/Diplom_3/.venv/lib/python3.12/site-packages/selenium/webdriver/remote/webelement.py\", line 90, in text\n    return self._execute(Command.GET_ELEMENT_TEXT)[\"value\"]\n           ^^^^^^^^^^^^^^^^^^^^^^^^^^^^^^^^^^^^^^^\n  File \"/Users/mshashka/Desktop/Diplom/Diplom_3/.venv/lib/python3.12/site-packages/selenium/webdriver/remote/webelement.py\", line 395, in _execute\n    return self._parent.execute(command, params)\n           ^^^^^^^^^^^^^^^^^^^^^^^^^^^^^^^^^^^^^\n  File \"/Users/mshashka/Desktop/Diplom/Diplom_3/.venv/lib/python3.12/site-packages/selenium/webdriver/remote/webdriver.py\", line 380, in execute\n    self.error_handler.check_response(response)\n  File \"/Users/mshashka/Desktop/Diplom/Diplom_3/.venv/lib/python3.12/site-packages/selenium/webdriver/remote/errorhandler.py\", line 229, in check_response\n    raise exception_class(message, screen, stacktrace)\n","steps":[],"attachments":[],"parameters":[],"shouldDisplayMessage":true,"attachmentsCount":0,"attachmentStep":false,"stepsCount":0,"hasContent":true}],"attachments":[],"parameters":[],"shouldDisplayMessage":true,"attachmentsCount":0,"attachmentStep":false,"stepsCount":11,"hasContent":true},"afterStages":[{"name":"driver::0","time":{"start":1734090056118,"stop":1734090056205,"duration":87},"status":"passed","steps":[],"attachments":[],"parameters":[],"shouldDisplayMessage":false,"attachmentsCount":0,"attachmentStep":false,"stepsCount":0,"hasContent":false}],"labels":[{"name":"feature","value":"Тесты на проверку раздела \"Лента заказов\""},{"name":"parentSuite","value":"tests"},{"name":"suite","value":"test_order_feed"},{"name":"subSuite","value":"TestOrderFeed"},{"name":"host","value":"MacBook-Air-Maria.local"},{"name":"thread","value":"93020-MainThread"},{"name":"framework","value":"pytest"},{"name":"language","value":"cpython3"},{"name":"package","value":"tests.test_order_feed"},{"name":"resultFormat","value":"allure2"}],"parameters":[{"name":"driver","value":"'chrome'"}],"links":[],"hidden":false,"retry":false,"extra":{"severity":"normal","retries":[],"categories":[{"name":"Test defects","matchedStatuses":[],"flaky":false}],"tags":[]},"source":"cefd021dbc66a45f.json","parameterValues":["'chrome'"]}